<?xml version="1.0" encoding="UTF-8"?>
<!-- Generated by org.testng.reporters.JUnitReportReporter -->
<testsuite hostname="DESKTOP-8Q0CRCJ" failures="0" tests="3" name="Test.getpostmethodTest" time="5.396" errors="0" timestamp="2020-12-25T15:41:30 IST" skipped="0">
  <testcase classname="Test.getpostmethodTest" name="testSecond" time="0.859"/>
  <system-out/>
  <testcase classname="Test.getpostmethodTest" name="testThird" time="0.719"/>
  <system-out/>
  <testcase classname="Test.getpostmethodTest" name="testFirst" time="3.818"/>
  <system-out/>
</testsuite> <!-- Test.getpostmethodTest -->
