<?xml version="1.0" encoding="UTF-8"?>
<!-- Generated by org.testng.reporters.JUnitReportReporter -->
<testsuite hostname="DESKTOP-8Q0CRCJ" failures="0" tests="3" name="Test.getpostmethodTest" time="9.382" errors="0" timestamp="2020-12-25T15:46:24 IST" skipped="0">
  <testcase classname="Test.getpostmethodTest" name="testSecond" time="0.614"/>
  <system-out/>
  <testcase classname="Test.getpostmethodTest" name="testThird" time="1.805"/>
  <system-out/>
  <testcase classname="Test.getpostmethodTest" name="testFirst" time="6.963"/>
  <system-out/>
</testsuite> <!-- Test.getpostmethodTest -->
